<?xml version="1.0" encoding="UTF-8"?>
<coverage generated="1535583434225" clover="3.2.0">
  <project timestamp="1535583434225" name="All files">
    <metrics statements="52" coveredstatements="51" conditionals="25" coveredconditionals="19" methods="6" coveredmethods="4" elements="83" coveredelements="74" complexity="0" loc="52" ncloc="52" packages="6" files="6" classes="6">
      <package name="toy-problem-testing">
        <metrics statements="2" coveredstatements="2" conditionals="0" coveredconditionals="0" methods="0" coveredmethods="0"/>
        <file name="setup.js" path="/Users/mealearkhiev/Desktop/toy-problem-testing/setup.js">
          <metrics statements="2" coveredstatements="2" conditionals="0" coveredconditionals="0" methods="0" coveredmethods="0"/>
          <line num="1" count="5" type="stmt"/>
          <line num="2" count="5" type="stmt"/>
        </file>
      </package>
      <package name="toy-problem-testing.addTwoNumbers">
        <metrics statements="3" coveredstatements="3" conditionals="2" coveredconditionals="1" methods="1" coveredmethods="0"/>
        <file name="addTwoNumbers.js" path="/Users/mealearkhiev/Desktop/toy-problem-testing/addTwoNumbers/addTwoNumbers.js">
          <metrics statements="3" coveredstatements="3" conditionals="2" coveredconditionals="1" methods="1" coveredmethods="0"/>
          <line num="15" count="1" type="stmt"/>
          <line num="19" count="1" type="cond" truecount="1" falsecount="1"/>
          <line num="20" count="1" type="stmt"/>
        </file>
      </package>
      <package name="toy-problem-testing.minimumDeleteSum">
        <metrics statements="3" coveredstatements="3" conditionals="2" coveredconditionals="1" methods="1" coveredmethods="0"/>
        <file name="minimumDeleteSum.js" path="/Users/mealearkhiev/Desktop/toy-problem-testing/minimumDeleteSum/minimumDeleteSum.js">
          <metrics statements="3" coveredstatements="3" conditionals="2" coveredconditionals="1" methods="1" coveredmethods="0"/>
          <line num="23" count="1" type="stmt"/>
          <line num="27" count="1" type="cond" truecount="1" falsecount="1"/>
          <line num="28" count="1" type="stmt"/>
        </file>
      </package>
      <package name="toy-problem-testing.primeTester">
        <metrics statements="17" coveredstatements="16" conditionals="11" coveredconditionals="9" methods="2" coveredmethods="2"/>
        <file name="primeTester.js" path="/Users/mealearkhiev/Desktop/toy-problem-testing/primeTester/primeTester.js">
          <metrics statements="17" coveredstatements="16" conditionals="11" coveredconditionals="9" methods="2" coveredmethods="2"/>
          <line num="26" count="1" type="stmt"/>
          <line num="27" count="42" type="cond" truecount="4" falsecount="1"/>
          <line num="29" count="0" type="stmt"/>
          <line num="33" count="42" type="stmt"/>
          <line num="35" count="242" type="cond" truecount="2" falsecount="0"/>
          <line num="38" count="30" type="stmt"/>
          <line num="42" count="12" type="stmt"/>
          <line num="53" count="1" type="stmt"/>
          <line num="54" count="3" type="stmt"/>
          <line num="55" count="3" type="stmt"/>
          <line num="56" count="42" type="cond" truecount="2" falsecount="0"/>
          <line num="57" count="12" type="stmt"/>
          <line num="60" count="3" type="stmt"/>
          <line num="63" count="1" type="stmt"/>
          <line num="77" count="1" type="cond" truecount="1" falsecount="1"/>
          <line num="78" count="1" type="stmt"/>
          <line num="79" count="1" type="stmt"/>
        </file>
      </package>
      <package name="toy-problem-testing.reverseInteger">
        <metrics statements="12" coveredstatements="12" conditionals="8" coveredconditionals="7" methods="1" coveredmethods="1"/>
        <file name="reverseInteger.js" path="/Users/mealearkhiev/Desktop/toy-problem-testing/reverseInteger/reverseInteger.js">
          <metrics statements="12" coveredstatements="12" conditionals="8" coveredconditionals="7" methods="1" coveredmethods="1"/>
          <line num="46" count="1" type="stmt"/>
          <line num="47" count="5" type="stmt"/>
          <line num="48" count="5" type="stmt"/>
          <line num="50" count="5" type="cond" truecount="2" falsecount="0"/>
          <line num="51" count="1" type="stmt"/>
          <line num="52" count="1" type="stmt"/>
          <line num="55" count="5" type="stmt"/>
          <line num="57" count="5" type="cond" truecount="4" falsecount="0"/>
          <line num="58" count="4" type="stmt"/>
          <line num="60" count="1" type="stmt"/>
          <line num="64" count="1" type="cond" truecount="1" falsecount="1"/>
          <line num="65" count="1" type="stmt"/>
        </file>
      </package>
      <package name="toy-problem-testing.rotateMatrix">
        <metrics statements="15" coveredstatements="15" conditionals="2" coveredconditionals="1" methods="1" coveredmethods="1"/>
        <file name="rotateMatrix.js" path="/Users/mealearkhiev/Desktop/toy-problem-testing/rotateMatrix/rotateMatrix.js">
          <metrics statements="15" coveredstatements="15" conditionals="2" coveredconditionals="1" methods="1" coveredmethods="1"/>
          <line num="70" count="1" type="stmt"/>
          <line num="72" count="3" type="stmt"/>
          <line num="75" count="3" type="stmt"/>
          <line num="78" count="3" type="stmt"/>
          <line num="79" count="10" type="stmt"/>
          <line num="83" count="3" type="stmt"/>
          <line num="84" count="3" type="stmt"/>
          <line num="85" count="3" type="stmt"/>
          <line num="86" count="7" type="stmt"/>
          <line num="87" count="26" type="stmt"/>
          <line num="88" count="26" type="stmt"/>
          <line num="89" count="26" type="stmt"/>
          <line num="94" count="3" type="stmt"/>
          <line num="97" count="1" type="cond" truecount="1" falsecount="1"/>
          <line num="98" count="1" type="stmt"/>
        </file>
      </package>
    </metrics>
  </project>
</coverage>
