{"/Users/mealearkhiev/Desktop/toy-problem-testing/setup.js": {"path":"/Users/mealearkhiev/Desktop/toy-problem-testing/setup.js","statementMap":{"0":{"start":{"line":1,"column":0},"end":{"line":1,"column":19}},"1":{"start":{"line":2,"column":0},"end":{"line":2,"column":17}}},"fnMap":{},"branchMap":{},"s":{"0":3,"1":3},"f":{},"b":{},"_coverageSchema":"332fd63041d2c1bcb487cc26dd0d5f7d97098a6c","hash":"73efcd33ec9d0ce84f2aa83e343ef63d6604c831"}
,"/Users/mealearkhiev/Desktop/toy-problem-testing/numberToEnglish/numberToEnglish.js": {"path":"/Users/mealearkhiev/Desktop/toy-problem-testing/numberToEnglish/numberToEnglish.js","statementMap":{"0":{"start":{"line":15,"column":23},"end":{"line":44,"column":1}},"1":{"start":{"line":45,"column":23},"end":{"line":54,"column":1}},"2":{"start":{"line":95,"column":0},"end":{"line":97,"column":2}},"3":{"start":{"line":99,"column":0},"end":{"line":101,"column":1}},"4":{"start":{"line":100,"column":2},"end":{"line":100,"column":46}}},"fnMap":{"0":{"name":"(anonymous_0)","decl":{"start":{"line":95,"column":29},"end":{"line":95,"column":30}},"loc":{"start":{"line":95,"column":47},"end":{"line":97,"column":1}},"line":95}},"branchMap":{"0":{"loc":{"start":{"line":99,"column":0},"end":{"line":101,"column":1}},"type":"if","locations":[{"start":{"line":99,"column":0},"end":{"line":101,"column":1}},{"start":{"line":99,"column":0},"end":{"line":101,"column":1}}],"line":99}},"s":{"0":1,"1":1,"2":1,"3":1,"4":1},"f":{"0":3},"b":{"0":[1,0]},"_coverageSchema":"332fd63041d2c1bcb487cc26dd0d5f7d97098a6c","hash":"c87012dfc82afb79a5054a545bbd5e6f218c9bfa"}
,"/Users/mealearkhiev/Desktop/toy-problem-testing/primeTester/primeTester.js": {"path":"/Users/mealearkhiev/Desktop/toy-problem-testing/primeTester/primeTester.js","statementMap":{"0":{"start":{"line":26,"column":20},"end":{"line":43,"column":1}},"1":{"start":{"line":27,"column":2},"end":{"line":30,"column":3}},"2":{"start":{"line":29,"column":4},"end":{"line":29,"column":17}},"3":{"start":{"line":33,"column":2},"end":{"line":40,"column":3}},"4":{"start":{"line":35,"column":4},"end":{"line":39,"column":5}},"5":{"start":{"line":38,"column":6},"end":{"line":38,"column":19}},"6":{"start":{"line":42,"column":2},"end":{"line":42,"column":14}},"7":{"start":{"line":53,"column":19},"end":{"line":61,"column":1}},"8":{"start":{"line":54,"column":17},"end":{"line":54,"column":19}},"9":{"start":{"line":55,"column":2},"end":{"line":59,"column":3}},"10":{"start":{"line":56,"column":4},"end":{"line":58,"column":5}},"11":{"start":{"line":57,"column":6},"end":{"line":57,"column":21}},"12":{"start":{"line":60,"column":2},"end":{"line":60,"column":16}},"13":{"start":{"line":63,"column":0},"end":{"line":63,"column":19}},"14":{"start":{"line":77,"column":0},"end":{"line":80,"column":1}},"15":{"start":{"line":78,"column":2},"end":{"line":78,"column":31}},"16":{"start":{"line":79,"column":2},"end":{"line":79,"column":30}}},"fnMap":{"0":{"name":"(anonymous_0)","decl":{"start":{"line":26,"column":20},"end":{"line":26,"column":21}},"loc":{"start":{"line":26,"column":33},"end":{"line":43,"column":1}},"line":26},"1":{"name":"(anonymous_1)","decl":{"start":{"line":53,"column":19},"end":{"line":53,"column":20}},"loc":{"start":{"line":53,"column":41},"end":{"line":61,"column":1}},"line":53}},"branchMap":{"0":{"loc":{"start":{"line":27,"column":2},"end":{"line":30,"column":3}},"type":"if","locations":[{"start":{"line":27,"column":2},"end":{"line":30,"column":3}},{"start":{"line":27,"column":2},"end":{"line":30,"column":3}}],"line":27},"1":{"loc":{"start":{"line":27,"column":6},"end":{"line":27,"column":51}},"type":"binary-expr","locations":[{"start":{"line":27,"column":6},"end":{"line":27,"column":27}},{"start":{"line":27,"column":31},"end":{"line":27,"column":36}},{"start":{"line":27,"column":40},"end":{"line":27,"column":51}}],"line":27},"2":{"loc":{"start":{"line":35,"column":4},"end":{"line":39,"column":5}},"type":"if","locations":[{"start":{"line":35,"column":4},"end":{"line":39,"column":5}},{"start":{"line":35,"column":4},"end":{"line":39,"column":5}}],"line":35},"3":{"loc":{"start":{"line":56,"column":4},"end":{"line":58,"column":5}},"type":"if","locations":[{"start":{"line":56,"column":4},"end":{"line":58,"column":5}},{"start":{"line":56,"column":4},"end":{"line":58,"column":5}}],"line":56},"4":{"loc":{"start":{"line":77,"column":0},"end":{"line":80,"column":1}},"type":"if","locations":[{"start":{"line":77,"column":0},"end":{"line":80,"column":1}},{"start":{"line":77,"column":0},"end":{"line":80,"column":1}}],"line":77}},"s":{"0":1,"1":42,"2":0,"3":42,"4":242,"5":30,"6":12,"7":1,"8":3,"9":3,"10":42,"11":12,"12":3,"13":1,"14":1,"15":1,"16":1},"f":{"0":42,"1":3},"b":{"0":[0,42],"1":[42,42,42],"2":[30,212],"3":[12,30],"4":[1,0]},"_coverageSchema":"332fd63041d2c1bcb487cc26dd0d5f7d97098a6c","hash":"c465b9c688dd09c8c00dca67bfd33e24274c8c11"}
,"/Users/mealearkhiev/Desktop/toy-problem-testing/rotateMatrix/rotateMatrix.js": {"path":"/Users/mealearkhiev/Desktop/toy-problem-testing/rotateMatrix/rotateMatrix.js","statementMap":{"0":{"start":{"line":70,"column":21},"end":{"line":95,"column":1}},"1":{"start":{"line":72,"column":18},"end":{"line":72,"column":20}},"2":{"start":{"line":75,"column":19},"end":{"line":75,"column":28}},"3":{"start":{"line":78,"column":2},"end":{"line":80,"column":3}},"4":{"start":{"line":79,"column":4},"end":{"line":79,"column":32}},"5":{"start":{"line":83,"column":15},"end":{"line":83,"column":29}},"6":{"start":{"line":84,"column":19},"end":{"line":84,"column":33}},"7":{"start":{"line":85,"column":2},"end":{"line":91,"column":3}},"8":{"start":{"line":86,"column":4},"end":{"line":90,"column":5}},"9":{"start":{"line":87,"column":19},"end":{"line":87,"column":33}},"10":{"start":{"line":88,"column":30},"end":{"line":88,"column":40}},"11":{"start":{"line":89,"column":6},"end":{"line":89,"column":36}},"12":{"start":{"line":94,"column":2},"end":{"line":94,"column":17}},"13":{"start":{"line":97,"column":0},"end":{"line":99,"column":1}},"14":{"start":{"line":98,"column":2},"end":{"line":98,"column":32}}},"fnMap":{"0":{"name":"(anonymous_0)","decl":{"start":{"line":70,"column":21},"end":{"line":70,"column":22}},"loc":{"start":{"line":70,"column":39},"end":{"line":95,"column":1}},"line":70}},"branchMap":{"0":{"loc":{"start":{"line":97,"column":0},"end":{"line":99,"column":1}},"type":"if","locations":[{"start":{"line":97,"column":0},"end":{"line":99,"column":1}},{"start":{"line":97,"column":0},"end":{"line":99,"column":1}}],"line":97}},"s":{"0":1,"1":3,"2":3,"3":3,"4":10,"5":3,"6":3,"7":3,"8":7,"9":26,"10":26,"11":26,"12":3,"13":1,"14":1},"f":{"0":3},"b":{"0":[1,0]},"_coverageSchema":"332fd63041d2c1bcb487cc26dd0d5f7d97098a6c","hash":"d7d3bd6c57f99cf54a023bd98b6c2d437ab01362"}
}
