TN:
SF:/Users/mealearkhiev/Desktop/toy-problem-testing/setup.js
FNF:0
FNH:0
DA:1,6
DA:2,6
LF:2
LH:2
BRF:0
BRH:0
end_of_record
TN:
SF:/Users/mealearkhiev/Desktop/toy-problem-testing/addTwoNumbers/addTwoNumbers.js
FN:15,(anonymous_0)
FNF:1
FNH:0
FNDA:0,(anonymous_0)
DA:15,1
DA:19,1
DA:20,1
LF:3
LH:3
BRDA:19,0,0,1
BRDA:19,0,1,0
BRF:2
BRH:1
end_of_record
TN:
SF:/Users/mealearkhiev/Desktop/toy-problem-testing/employeeFreeTime/employeeFreeTime.js
FN:139,(anonymous_0)
FN:159,(anonymous_1)
FN:163,(anonymous_2)
FN:195,(anonymous_3)
FN:206,(anonymous_4)
FNF:5
FNH:5
FNDA:2,(anonymous_0)
FNDA:4,(anonymous_1)
FNDA:7,(anonymous_2)
FNDA:18,(anonymous_3)
FNDA:4,(anonymous_4)
DA:139,1
DA:141,2
DA:144,2
DA:147,2
DA:149,2
DA:152,2
DA:154,2
DA:156,2
DA:159,2
DA:160,4
DA:163,7
DA:166,2
DA:168,2
DA:171,2
DA:173,22
DA:177,2
DA:180,6
DA:182,9
DA:183,3
DA:186,6
DA:187,24
DA:191,9
DA:195,18
DA:198,2
DA:200,22
DA:201,6
DA:206,4
DA:209,2
DA:212,3
DA:213,2
DA:217,3
DA:218,2
DA:219,1
DA:221,1
DA:222,1
DA:228,2
DA:231,1
DA:232,1
LF:38
LH:38
BRDA:182,0,0,3
BRDA:182,0,1,6
BRDA:200,1,0,6
BRDA:200,1,1,16
BRDA:212,2,0,2
BRDA:212,2,1,1
BRDA:217,3,0,2
BRDA:217,3,1,1
BRDA:219,4,0,1
BRDA:219,4,1,0
BRDA:231,5,0,1
BRDA:231,5,1,0
BRF:12
BRH:10
end_of_record
TN:
SF:/Users/mealearkhiev/Desktop/toy-problem-testing/minimumEditDistance/minimumEditDistance.js
FN:60,(anonymous_0)
FNF:1
FNH:1
FNDA:2,(anonymous_0)
DA:60,1
DA:62,2
DA:64,2
DA:66,2
DA:69,2
DA:71,16
DA:72,16
DA:74,124
DA:75,14
DA:76,110
DA:78,14
DA:80,96
DA:82,13
DA:86,83
DA:96,2
DA:99,1
DA:100,1
LF:17
LH:17
BRDA:62,0,0,0
BRDA:62,0,1,2
BRDA:64,1,0,0
BRDA:64,1,1,2
BRDA:74,2,0,14
BRDA:74,2,1,110
BRDA:76,3,0,14
BRDA:76,3,1,96
BRDA:80,4,0,13
BRDA:80,4,1,83
BRDA:99,5,0,1
BRDA:99,5,1,0
BRF:12
BRH:9
end_of_record
TN:
SF:/Users/mealearkhiev/Desktop/toy-problem-testing/primeTester/primeTester.js
FN:26,(anonymous_0)
FN:53,(anonymous_1)
FNF:2
FNH:2
FNDA:42,(anonymous_0)
FNDA:3,(anonymous_1)
DA:26,1
DA:27,42
DA:29,0
DA:33,42
DA:35,242
DA:38,30
DA:42,12
DA:53,1
DA:54,3
DA:55,3
DA:56,42
DA:57,12
DA:60,3
DA:63,1
DA:77,1
DA:78,1
DA:79,1
LF:17
LH:16
BRDA:27,0,0,0
BRDA:27,0,1,42
BRDA:27,1,0,42
BRDA:27,1,1,42
BRDA:27,1,2,42
BRDA:35,2,0,30
BRDA:35,2,1,212
BRDA:56,3,0,12
BRDA:56,3,1,30
BRDA:77,4,0,1
BRDA:77,4,1,0
BRF:11
BRH:9
end_of_record
TN:
SF:/Users/mealearkhiev/Desktop/toy-problem-testing/reverseInteger/reverseInteger.js
FN:46,(anonymous_0)
FNF:1
FNH:1
FNDA:5,(anonymous_0)
DA:46,1
DA:47,5
DA:48,5
DA:50,5
DA:51,1
DA:52,1
DA:55,5
DA:57,5
DA:58,4
DA:60,1
DA:64,1
DA:65,1
LF:12
LH:12
BRDA:50,0,0,1
BRDA:50,0,1,4
BRDA:57,1,0,4
BRDA:57,1,1,1
BRDA:57,2,0,5
BRDA:57,2,1,5
BRDA:64,3,0,1
BRDA:64,3,1,0
BRF:8
BRH:7
end_of_record
TN:
SF:/Users/mealearkhiev/Desktop/toy-problem-testing/rotateMatrix/rotateMatrix.js
FN:70,(anonymous_0)
FNF:1
FNH:1
FNDA:3,(anonymous_0)
DA:70,1
DA:72,3
DA:75,3
DA:78,3
DA:79,10
DA:83,3
DA:84,3
DA:85,3
DA:86,7
DA:87,26
DA:88,26
DA:89,26
DA:94,3
DA:97,1
DA:98,1
LF:15
LH:15
BRDA:97,0,0,1
BRDA:97,0,1,0
BRF:2
BRH:1
end_of_record
