TN:
SF:/Users/mealearkhiev/Desktop/toy-problem-testing/setup.js
FNF:0
FNH:0
DA:1,3
DA:2,3
LF:2
LH:2
BRF:0
BRH:0
end_of_record
TN:
SF:/Users/mealearkhiev/Desktop/toy-problem-testing/numberToEnglish/numberToEnglish.js
FN:95,(anonymous_0)
FNF:1
FNH:1
FNDA:3,(anonymous_0)
DA:15,1
DA:45,1
DA:95,1
DA:99,1
DA:100,1
LF:5
LH:5
BRDA:99,0,0,1
BRDA:99,0,1,0
BRF:2
BRH:1
end_of_record
TN:
SF:/Users/mealearkhiev/Desktop/toy-problem-testing/primeTester/primeTester.js
FN:26,(anonymous_0)
FN:53,(anonymous_1)
FNF:2
FNH:2
FNDA:42,(anonymous_0)
FNDA:3,(anonymous_1)
DA:26,1
DA:27,42
DA:29,0
DA:33,42
DA:35,242
DA:38,30
DA:42,12
DA:53,1
DA:54,3
DA:55,3
DA:56,42
DA:57,12
DA:60,3
DA:63,1
DA:77,1
DA:78,1
DA:79,1
LF:17
LH:16
BRDA:27,0,0,0
BRDA:27,0,1,42
BRDA:27,1,0,42
BRDA:27,1,1,42
BRDA:27,1,2,42
BRDA:35,2,0,30
BRDA:35,2,1,212
BRDA:56,3,0,12
BRDA:56,3,1,30
BRDA:77,4,0,1
BRDA:77,4,1,0
BRF:11
BRH:9
end_of_record
TN:
SF:/Users/mealearkhiev/Desktop/toy-problem-testing/rotateMatrix/rotateMatrix.js
FN:70,(anonymous_0)
FNF:1
FNH:1
FNDA:3,(anonymous_0)
DA:70,1
DA:72,3
DA:75,3
DA:78,3
DA:79,10
DA:83,3
DA:84,3
DA:85,3
DA:86,7
DA:87,26
DA:88,26
DA:89,26
DA:94,3
DA:97,1
DA:98,1
LF:15
LH:15
BRDA:97,0,0,1
BRDA:97,0,1,0
BRF:2
BRH:1
end_of_record
